{"message":"Redis: Connection failed trying again, attempts: 1","level":"error","timestamp":"2019-07-14 13:10:03"}
{"message":"Redis: Connection failed trying again, attempts: 2","level":"error","timestamp":"2019-07-14 13:10:07"}
{"message":"Redis: Connection failed trying again, attempts: 3","level":"error","timestamp":"2019-07-14 13:10:11"}
{"message":"Redis: Connection failed trying again, attempts: 4","level":"error","timestamp":"2019-07-14 13:10:18"}
{"message":"Redis: Connection failed trying again, attempts: 5","level":"error","timestamp":"2019-07-14 13:10:28"}
{"message":"Redis: Connection failed trying again, attempts: 6","level":"error","timestamp":"2019-07-14 13:10:43"}
{"message":"RabbitMQ: Connection failed trying again","level":"error","timestamp":"2019-07-14 13:14:20"}
{"message":"attempts: 1","level":"error","timestamp":"2019-07-14 13:14:22"}
{"message":"Redis: Connection failed trying again, attempts: 1","level":"error","timestamp":"2019-07-14 13:34:12"}
{"message":"Redis: Connection failed trying again, attempts: 1","level":"error","timestamp":"2019-08-02 20:26:40"}
{"level":"error","timestamp":"2019-08-02 20:33:52"}
{"level":"error","timestamp":"2019-08-02 20:36:00"}
{"level":"error","timestamp":"2019-08-02 20:41:22"}
{"level":"error","timestamp":"2019-08-02 20:41:50"}
{"level":"error","timestamp":"2019-08-02 20:41:50"}
{"level":"error","timestamp":"2019-08-02 20:41:50"}
{"level":"error","timestamp":"2019-08-02 20:41:50"}
{"level":"error","timestamp":"2019-08-02 21:01:05"}
{"level":"error","timestamp":"2019-08-02 21:01:05"}
{"level":"error","timestamp":"2019-08-02 21:01:05"}
{"level":"error","timestamp":"2019-08-02 21:01:05"}
{"level":"error","timestamp":"2019-08-02 21:01:05"}
{"level":"error","timestamp":"2019-08-02 21:01:05"}
{"level":"error","timestamp":"2019-08-02 21:01:05"}
{"level":"error","timestamp":"2019-08-02 21:01:05"}
{"level":"error","timestamp":"2019-08-02 21:01:05"}
{"level":"error","timestamp":"2019-08-02 21:01:05"}
{"level":"error","timestamp":"2019-08-02 21:01:05"}
{"level":"error","timestamp":"2019-08-02 21:01:05"}
{"level":"error","timestamp":"2019-08-02 21:01:05"}
{"level":"error","timestamp":"2019-08-02 21:01:05"}
{"level":"error","timestamp":"2019-08-02 21:01:05"}
{"level":"error","timestamp":"2019-08-02 21:01:05"}
{"message":"Redis: Connection failed trying again, attempts: 1","level":"error","timestamp":"2019-08-07 20:38:10"}
{"message":"Redis: Connection failed trying again, attempts: 1","level":"error","timestamp":"2019-08-07 21:40:58"}
{"message":"Redis: Connection failed trying again, attempts: 1","level":"error","timestamp":"2019-08-07 21:41:43"}
{"message":"Redis: Connection failed trying again, attempts: 1","level":"error","timestamp":"2019-08-07 21:42:48"}
{"message":"Redis: Connection failed trying again, attempts: 1","level":"error","timestamp":"2019-08-07 21:43:32"}
{"message":"Redis: Connection failed trying again, attempts: 1","level":"error","timestamp":"2019-08-07 21:43:44"}
{"message":"Redis: Connection failed trying again, attempts: 2","level":"error","timestamp":"2019-08-07 21:43:47"}
{"message":"Redis: Connection failed trying again, attempts: 1","level":"error","timestamp":"2019-08-07 21:44:26"}
{"message":"Redis: Connection failed trying again, attempts: 1","level":"error","timestamp":"2019-08-07 21:50:27"}
{"message":"Redis: Connection failed trying again, attempts: 1","level":"error","timestamp":"2019-08-07 21:54:56"}
{"message":"Redis: Connection failed trying again, attempts: 1","level":"error","timestamp":"2019-08-07 21:57:17"}
{"message":"Redis: Connection failed trying again, attempts: 1","level":"error","timestamp":"2019-08-07 21:57:29"}
{"message":"Redis: Connection failed trying again, attempts: 2","level":"error","timestamp":"2019-08-07 21:57:32"}
{"message":"Redis: Connection failed trying again, attempts: 1","level":"error","timestamp":"2019-08-07 21:58:02"}
{"message":"Redis: Connection failed trying again, attempts: 1","level":"error","timestamp":"2019-08-07 21:58:33"}
{"message":"Redis: Connection failed trying again, attempts: 1","level":"error","timestamp":"2019-08-07 22:00:13"}
{"message":"Redis: Connection failed trying again, attempts: 1","level":"error","timestamp":"2019-08-07 22:03:44"}
{"message":"RabbitMQ: Connection failed trying again","level":"error","timestamp":"2019-08-07 22:05:20"}
{"message":"attempts: 1","level":"error","timestamp":"2019-08-07 22:05:22"}
{"message":"Redis: Connection failed trying again, attempts: 1","level":"error","timestamp":"2019-08-09 20:29:08"}
{"message":"Redis: Connection failed trying again, attempts: 1","level":"error","timestamp":"2019-08-10 09:57:03"}
{"message":"Redis: Connection failed trying again, attempts: 1","level":"error","timestamp":"2019-08-11 17:40:43"}
{"level":"error","timestamp":"2019-08-11 20:13:25"}
{"level":"error","timestamp":"2019-08-11 20:14:02"}
{"level":"error","timestamp":"2019-08-11 20:14:02"}
{"level":"error","timestamp":"2019-08-11 20:14:28"}
{"level":"error","timestamp":"2019-08-11 20:14:29"}
{"level":"error","timestamp":"2019-08-11 20:14:39"}
{"level":"error","timestamp":"2019-08-11 20:15:30"}
{"level":"error","timestamp":"2019-08-11 20:15:31"}
{"level":"error","timestamp":"2019-08-11 20:15:31"}
{"level":"error","timestamp":"2019-08-11 20:15:32"}
{"level":"error","timestamp":"2019-08-11 20:15:34"}
{"level":"error","timestamp":"2019-08-11 20:16:05"}
{"level":"error","timestamp":"2019-08-11 20:16:22"}
{"level":"error","timestamp":"2019-08-11 20:17:07"}
{"message":"Redis: Connection failed trying again, attempts: 1","level":"error","timestamp":"2019-08-11 20:18:46"}
{"message":"Redis: Connection failed trying again, attempts: 2","level":"error","timestamp":"2019-08-11 20:18:50"}
{"message":"Redis: Connection failed trying again, attempts: 3","level":"error","timestamp":"2019-08-11 20:18:55"}
{"message":"Redis: Connection failed trying again, attempts: 4","level":"error","timestamp":"2019-08-11 20:19:01"}
{"message":"Redis: Connection failed trying again, attempts: 1","level":"error","timestamp":"2019-08-11 20:19:07"}
{"message":"Redis: Connection failed trying again, attempts: 2","level":"error","timestamp":"2019-08-11 20:19:11"}
{"message":"Redis: Connection failed trying again, attempts: 3","level":"error","timestamp":"2019-08-11 20:19:16"}
{"level":"error","timestamp":"2019-08-11 20:53:25"}
{"level":"error","timestamp":"2019-08-11 20:54:01"}
{"level":"error","timestamp":"2019-08-11 20:57:31"}
{"level":"error","timestamp":"2019-08-11 20:58:18"}
{"level":"error","timestamp":"2019-08-11 20:58:42"}
{"message":"Must include a regionID, vendorID, field, payload, & position properties in params","level":"error","timestamp":"2019-08-11 21:00:09"}
{"message":"Must include a regionID, vendorID, field, payload, & position properties in params","level":"error","timestamp":"2019-08-11 21:01:45"}
{"message":"Must include a regionID, vendorID, field, payload, & position properties in params","level":"error","timestamp":"2019-08-11 21:01:59"}
{"message":"Must include a regionID, vendorID, field, payload, & position properties in params","level":"error","timestamp":"2019-08-11 21:03:04"}
{"message":"Must include a regionID, vendorID, field, payload, & position properties in params","level":"error","timestamp":"2019-08-11 21:03:34"}
{"level":"error","timestamp":"2019-08-11 21:04:31"}
{"message":"Redis: Connection failed trying again, attempts: 1","level":"error","timestamp":"2019-08-14 22:05:16"}
{"message":"Redis: Connection failed trying again, attempts: 1","level":"error","timestamp":"2019-08-15 22:15:55"}
{"message":"Redis: Connection failed trying again, attempts: 1","level":"error","timestamp":"2019-08-18 15:58:25"}
{"message":"MongoDB: Disconnected!","level":"error","timestamp":"2019-08-18 20:43:05"}
{"message":"Redis: Connection failed trying again, attempts: 1","level":"error","timestamp":"2019-08-18 21:43:47"}
{"message":"Redis: Connection failed trying again, attempts: 1","level":"error","timestamp":"2019-08-18 21:44:56"}
{"message":"Redis: Connection failed trying again, attempts: 2","level":"error","timestamp":"2019-08-18 21:44:59"}
{"message":"Redis: Connection failed trying again, attempts: 3","level":"error","timestamp":"2019-08-18 21:45:04"}
{"message":"Redis: Connection failed trying again, attempts: 1","level":"error","timestamp":"2019-08-18 21:46:48"}
{"message":"Redis: Connection failed trying again, attempts: 1","level":"error","timestamp":"2019-08-18 21:47:53"}
{"message":"Redis: Connection failed trying again, attempts: 1","level":"error","timestamp":"2019-08-18 21:55:59"}
{"level":"error","timestamp":"2019-08-19 20:58:32"}
{"message":"Redis: Connection failed trying again, attempts: 1","level":"error","timestamp":"2019-08-19 21:41:59"}
{"message":"Redis: Connection failed trying again, attempts: 1","level":"error","timestamp":"2019-08-19 22:06:57"}
{"level":"error","timestamp":"2019-08-20 21:45:58"}
{"level":"error","timestamp":"2019-08-20 21:46:30"}
{"message":"Redis: Connection failed trying again, attempts: 1","level":"error","timestamp":"2019-08-21 22:36:21"}
{"message":"Redis: Connection failed trying again, attempts: 1","level":"error","timestamp":"2019-08-28 22:23:34"}
{"level":"error","timestamp":"2019-08-29 21:56:40"}
{"level":"error","timestamp":"2019-08-29 22:20:01"}
{"level":"error","timestamp":"2019-08-29 22:24:16"}
{"level":"error","timestamp":"2019-08-29 22:24:53"}
{"level":"error","timestamp":"2019-08-29 22:24:53"}
{"level":"error","timestamp":"2019-08-29 22:24:54"}
{"level":"error","timestamp":"2019-08-29 22:24:55"}
{"level":"error","timestamp":"2019-08-29 22:24:55"}
{"level":"error","timestamp":"2019-08-29 22:24:55"}
{"level":"error","timestamp":"2019-08-29 22:24:56"}
{"level":"error","timestamp":"2019-08-29 22:24:56"}
{"level":"error","timestamp":"2019-08-29 22:24:56"}
{"level":"error","timestamp":"2019-08-29 22:24:57"}
{"level":"error","timestamp":"2019-08-29 22:24:57"}
{"level":"error","timestamp":"2019-08-29 22:24:57"}
{"level":"error","timestamp":"2019-08-29 22:24:57"}
{"level":"error","timestamp":"2019-08-29 22:24:57"}
{"level":"error","timestamp":"2019-08-29 22:26:59"}
{"level":"error","timestamp":"2019-08-29 22:27:10"}
{"level":"error","timestamp":"2019-08-29 22:27:41"}
{"level":"error","timestamp":"2019-08-29 22:28:57"}
{"level":"error","timestamp":"2019-08-29 22:42:26"}
{"level":"error","timestamp":"2019-08-29 22:42:56"}
{"message":"Redis: Connection failed trying again, attempts: 1","level":"error","timestamp":"2019-08-29 22:43:55"}
{"message":"RabbitMQ: Connection failed trying again","level":"error","timestamp":"2019-08-30 19:43:04"}
{"message":"attempts: 1","level":"error","timestamp":"2019-08-30 19:43:06"}
{"message":"RabbitMQ: Connection failed trying again","level":"error","timestamp":"2019-08-30 19:43:08"}
{"message":"attempts: 2","level":"error","timestamp":"2019-08-30 19:43:11"}
{"message":"RabbitMQ: Connection failed trying again","level":"error","timestamp":"2019-08-30 19:43:13"}
{"message":"attempts: 3","level":"error","timestamp":"2019-08-30 19:43:17"}
{"message":"RabbitMQ: Connection failed trying again","level":"error","timestamp":"2019-08-30 19:43:19"}
{"message":"attempts: 4","level":"error","timestamp":"2019-08-30 19:43:26"}
{"message":"RabbitMQ: Connection failed trying again","level":"error","timestamp":"2019-08-30 19:43:28"}
{"message":"attempts: 5","level":"error","timestamp":"2019-08-30 19:43:38"}
{"message":"RabbitMQ: Connection failed trying again","level":"error","timestamp":"2019-08-30 19:43:40"}
{"message":"attempts: 6","level":"error","timestamp":"2019-08-30 19:43:55"}
{"message":"RabbitMQ: Connection failed trying again","level":"error","timestamp":"2019-08-30 19:43:57"}
{"message":"attempts: 7","level":"error","timestamp":"2019-08-30 19:44:20"}
{"message":"RabbitMQ: Connection failed trying again","level":"error","timestamp":"2019-08-30 19:44:22"}
{"message":"attempts: 8","level":"error","timestamp":"2019-08-30 19:44:56"}
{"message":"RabbitMQ: Connection failed trying again","level":"error","timestamp":"2019-09-02 10:22:49"}
{"message":"attempts: 1","level":"error","timestamp":"2019-09-02 10:22:51"}
{"message":"RabbitMQ: Connection failed trying again","level":"error","timestamp":"2019-09-02 10:22:53"}
{"message":"attempts: 2","level":"error","timestamp":"2019-09-02 10:22:56"}
{"message":"RabbitMQ: Connection failed trying again","level":"error","timestamp":"2019-09-02 10:22:58"}
{"message":"attempts: 3","level":"error","timestamp":"2019-09-02 10:23:02"}
{"message":"RabbitMQ: Connection failed trying again","level":"error","timestamp":"2019-09-02 10:23:04"}
{"message":"attempts: 4","level":"error","timestamp":"2019-09-02 10:23:11"}
{"message":"RabbitMQ: Connection failed trying again","level":"error","timestamp":"2019-09-02 10:23:13"}
{"message":"attempts: 5","level":"error","timestamp":"2019-09-02 10:23:23"}
{"message":"RabbitMQ: Connection failed trying again","level":"error","timestamp":"2019-09-02 10:23:25"}
{"message":"attempts: 6","level":"error","timestamp":"2019-09-02 10:23:40"}
{"message":"RabbitMQ: Connection failed trying again","level":"error","timestamp":"2019-09-02 10:23:42"}
{"message":"RabbitMQ: Connection failed trying again","level":"error","timestamp":"2019-09-02 10:24:06"}
{"message":"attempts: 1","level":"error","timestamp":"2019-09-02 10:24:08"}
{"message":"RabbitMQ: Connection failed trying again","level":"error","timestamp":"2019-09-02 10:24:10"}
{"message":"attempts: 2","level":"error","timestamp":"2019-09-02 10:24:13"}
{"message":"RabbitMQ: Connection failed trying again","level":"error","timestamp":"2019-09-02 10:24:15"}
{"message":"attempts: 3","level":"error","timestamp":"2019-09-02 10:24:20"}
{"message":"RabbitMQ: Connection failed trying again","level":"error","timestamp":"2019-09-02 10:24:22"}
{"message":"attempts: 4","level":"error","timestamp":"2019-09-02 10:24:28"}
{"message":"RabbitMQ: Connection failed trying again","level":"error","timestamp":"2019-09-02 10:24:30"}
{"message":"RabbitMQ: Connection failed trying again","level":"error","timestamp":"2019-09-02 10:24:37"}
{"message":"attempts: 1","level":"error","timestamp":"2019-09-02 10:24:39"}
{"message":"RabbitMQ: Connection failed trying again","level":"error","timestamp":"2019-09-02 10:24:41"}
{"message":"attempts: 2","level":"error","timestamp":"2019-09-02 10:24:44"}
{"level":"error","timestamp":"2019-09-04 21:40:01"}
{"level":"error","timestamp":"2019-09-04 21:47:54"}
{"level":"error","timestamp":"2019-09-04 22:10:15"}
{"command":"HSET","args":["region","q::method::GET::path::/5d672cce26370c93ee0c5ecb3","{\"message\":\"Cast to ObjectId failed for value \\\"5d672cce26370c93ee0c5ecb3\\\" at path \\\"_id\\\" for model \\\"Region\\\"\",\"name\":\"CastError\",\"stringValue\":\"\\\"5d672cce26370c93ee0c5ecb3\\\"\",\"kind\":\"ObjectId\",\"value\":\"5d672cce26370c93ee0c5ecb3\",\"path\":\"_id\"}"],"code":"MISCONF","level":"error","timestamp":"2019-09-04 22:10:15"}
{"level":"error","timestamp":"2019-09-04 22:37:42"}
{"command":"HSET","args":["region","q::method::GET::path::/5d672cc26370ce93ee0c5ecb3","{\"message\":\"Cast to ObjectId failed for value \\\"5d672cc26370ce93ee0c5ecb3\\\" at path \\\"_id\\\" for model \\\"Region\\\"\",\"name\":\"CastError\",\"stringValue\":\"\\\"5d672cc26370ce93ee0c5ecb3\\\"\",\"kind\":\"ObjectId\",\"value\":\"5d672cc26370ce93ee0c5ecb3\",\"path\":\"_id\"}"],"code":"MISCONF","level":"error","timestamp":"2019-09-04 22:37:42"}
{"level":"error","timestamp":"2019-09-05 21:12:01"}
{"message":"Redis: Connection failed trying again, attempts: 1","level":"error","timestamp":"2019-09-05 21:30:03"}
{"level":"error","timestamp":"2019-09-05 22:19:34"}
{"level":"error","timestamp":"2019-09-09 21:40:58"}
{"message":"Redis: Connection failed trying again, attempts: 1","level":"error","timestamp":"2019-09-09 22:26:55"}
{"message":"Redis: Connection failed trying again, attempts: 1","level":"error","timestamp":"2019-09-09 22:27:17"}
{"message":"Redis: Connection failed trying again, attempts: 2","level":"error","timestamp":"2019-09-09 22:27:20"}
{"message":"Redis: Connection failed trying again, attempts: 3","level":"error","timestamp":"2019-09-09 22:27:25"}
{"message":"Redis: Connection failed trying again, attempts: 1","level":"error","timestamp":"2019-09-09 22:29:39"}
{"level":"error","timestamp":"2019-09-09 22:37:09"}
{"level":"error","timestamp":"2019-09-09 22:37:09"}
{"level":"error","timestamp":"2019-09-09 22:37:09"}
{"level":"error","timestamp":"2019-09-09 22:37:09"}
{"message":"RabbitMQ: Connection failed trying again","level":"error","timestamp":"2019-09-10 21:02:28"}
{"message":"attempts: 1","level":"error","timestamp":"2019-09-10 21:02:30"}
{"level":"error","timestamp":"2019-09-10 21:11:19"}
{"level":"error","timestamp":"2019-09-10 21:11:19"}
{"level":"error","timestamp":"2019-09-10 21:11:19"}
{"level":"error","timestamp":"2019-09-10 21:11:19"}
{"level":"error","timestamp":"2019-09-10 21:18:26"}
{"level":"error","timestamp":"2019-09-10 21:18:26"}
{"level":"error","timestamp":"2019-09-10 21:18:26"}
{"level":"error","timestamp":"2019-09-10 21:18:26"}
{"level":"error","timestamp":"2019-09-10 21:18:26"}
{"level":"error","timestamp":"2019-09-10 21:18:26"}
{"level":"error","timestamp":"2019-09-10 21:18:26"}
{"level":"error","timestamp":"2019-09-10 21:18:26"}
{"level":"error","timestamp":"2019-09-10 21:18:26"}
{"level":"error","timestamp":"2019-09-10 21:18:26"}
{"level":"error","timestamp":"2019-09-10 21:18:26"}
{"level":"error","timestamp":"2019-09-10 21:18:26"}
{"level":"error","timestamp":"2019-09-10 21:18:26"}
{"level":"error","timestamp":"2019-09-10 21:18:26"}
{"level":"error","timestamp":"2019-09-10 21:18:26"}
{"level":"error","timestamp":"2019-09-10 21:18:26"}
{"message":"Redis: Connection failed trying again, attempts: 1","level":"error","timestamp":"2019-09-10 21:18:29"}
{"level":"error","timestamp":"2019-09-10 21:25:26"}
{"level":"error","timestamp":"2019-09-10 21:25:26"}
{"level":"error","timestamp":"2019-09-10 21:25:26"}
{"level":"error","timestamp":"2019-09-10 21:25:26"}
{"level":"error","timestamp":"2019-09-10 21:25:26"}
{"level":"error","timestamp":"2019-09-10 21:25:26"}
{"level":"error","timestamp":"2019-09-10 21:25:26"}
{"level":"error","timestamp":"2019-09-10 21:25:26"}
{"level":"error","timestamp":"2019-09-10 21:25:26"}
{"level":"error","timestamp":"2019-09-10 21:25:26"}
{"level":"error","timestamp":"2019-09-10 21:25:26"}
{"level":"error","timestamp":"2019-09-10 21:25:26"}
{"level":"error","timestamp":"2019-09-10 21:25:26"}
{"level":"error","timestamp":"2019-09-10 21:25:26"}
{"level":"error","timestamp":"2019-09-10 21:25:26"}
{"level":"error","timestamp":"2019-09-10 21:25:26"}
{"message":"Redis: Connection failed trying again, attempts: 1","level":"error","timestamp":"2019-09-10 21:25:29"}
{"message":"Redis: Connection failed trying again, attempts: 1","level":"error","timestamp":"2019-09-10 21:25:31"}
{"message":"RabbitMQ: Connection failed trying again","level":"error","timestamp":"2019-09-10 21:51:16"}
{"message":"attempts: 1","level":"error","timestamp":"2019-09-10 21:51:18"}
{"level":"error","timestamp":"2019-09-10 21:51:21"}
{"level":"error","timestamp":"2019-09-10 21:51:21"}
{"level":"error","timestamp":"2019-09-10 21:51:21"}
{"level":"error","timestamp":"2019-09-10 21:51:21"}
