{"message":"Running DEVELOPMENT_LOCAL","level":"info","timestamp":"2019-07-02 08:49:17"}
{"message":"Server on port 3002","level":"info","timestamp":"2019-07-02 08:49:17"}
{"message":"RabbitMQ: Successfully connected","level":"info","timestamp":"2019-07-02 08:49:17"}
{"message":"Message sent","level":"info","timestamp":"2019-07-02 08:49:17"}
{"message":true,"level":"info","timestamp":"2019-07-02 08:49:17"}
{"message":"Send: Request for vendors","level":"info","timestamp":"2019-07-02 08:49:17"}
{"message":"Received VendorIDs, length: 8","level":"info","timestamp":"2019-07-02 08:49:28"}
{"message":"Received Tweet","level":"info","timestamp":"2019-07-02 08:55:44"}
{"message":{"tweetID":"1146039740497563648","twitterID":"889665881395130368","date":"Tue Jul 02 12:55:41 +0000 2019","match":true,"certainty":"partial","rgxMatch":"Union Station today","tweet":"RT @theballtruck: Union Station today!","location":{"locationDate":"Tue Jul 02 12:55:41 +0000 2019","accuracy":0,"address":"50 Massachusetts Ave NE, Washington, DC 20002","city":"dc","neighborhood":"union station","coordinates":[38.897102,-77.006339],"matchMethod":"Tweet regex match"}},"level":"info","timestamp":"2019-07-02 08:55:44"}
{"message":"Message sent","level":"info","timestamp":"2019-07-02 08:55:44"}
{"message":{"tweetID":"1146039740497563648","twitterID":"889665881395130368","date":"Tue Jul 02 12:55:41 +0000 2019","match":true,"certainty":"partial","rgxMatch":"Union Station today","tweet":"RT @theballtruck: Union Station today!","location":{"locationDate":"Tue Jul 02 12:55:41 +0000 2019","accuracy":0,"address":"50 Massachusetts Ave NE, Washington, DC 20002","city":"dc","neighborhood":"union station","coordinates":[38.897102,-77.006339],"matchMethod":"Tweet regex match"}},"level":"info","timestamp":"2019-07-02 08:55:44"}
{"message":"Received Tweet","level":"info","timestamp":"2019-07-02 09:58:55"}
{"message":{"tweetID":"1146055635198341120","twitterID":"3183153867","date":"Tue Jul 02 13:58:50 +0000 2019","match":true,"certainty":"partial","rgxMatch":"with us at L St and 18th","tweet":"Come have lunch with us at L St and 18th St NW from 11am to to 2pm!😋 see you soon! #arepas #patacones #tequeños… https://t.co/PMcPQm96H8","location":{"locationDate":"Tue Jul 02 13:58:50 +0000 2019","accuracy":0,"address":"18th St NW, Washington, DC, USA","city":"dc","neighborhood":"adams morgan","coordinates":[38.9201407,-77.0418378],"matchMethod":"Tweet regex match"}},"level":"info","timestamp":"2019-07-02 09:58:55"}
{"message":"Message sent","level":"info","timestamp":"2019-07-02 09:58:55"}
{"message":{"tweetID":"1146055635198341120","twitterID":"3183153867","date":"Tue Jul 02 13:58:50 +0000 2019","match":true,"certainty":"partial","rgxMatch":"with us at L St and 18th","tweet":"Come have lunch with us at L St and 18th St NW from 11am to to 2pm!😋 see you soon! #arepas #patacones #tequeños… https://t.co/PMcPQm96H8","location":{"locationDate":"Tue Jul 02 13:58:50 +0000 2019","accuracy":0,"address":"18th St NW, Washington, DC, USA","city":"dc","neighborhood":"adams morgan","coordinates":[38.9201407,-77.0418378],"matchMethod":"Tweet regex match"}},"level":"info","timestamp":"2019-07-02 09:58:55"}
{"message":"Running DEVELOPMENT_LOCAL","level":"info","timestamp":"2019-07-11 22:24:54"}
{"message":"Server on port 3002","level":"info","timestamp":"2019-07-11 22:24:54"}
{"message":"RabbitMQ: Successfully connected","level":"info","timestamp":"2019-07-11 22:24:54"}
{"message":"Message sent","level":"info","timestamp":"2019-07-11 22:24:54"}
{"message":true,"level":"info","timestamp":"2019-07-11 22:24:54"}
{"message":"Running DEVELOPMENT_LOCAL","level":"info","timestamp":"2019-07-11 22:26:38"}
{"message":"Server on port 3002","level":"info","timestamp":"2019-07-11 22:26:38"}
{"message":"RabbitMQ: Successfully connected","level":"info","timestamp":"2019-07-11 22:26:38"}
{"message":"Message sent","level":"info","timestamp":"2019-07-11 22:26:38"}
{"message":true,"level":"info","timestamp":"2019-07-11 22:26:38"}
{"message":"Running DEVELOPMENT_LOCAL","level":"info","timestamp":"2019-07-11 22:27:52"}
{"message":"Server on port 3002","level":"info","timestamp":"2019-07-11 22:27:52"}
{"message":"RabbitMQ: Successfully connected","level":"info","timestamp":"2019-07-11 22:27:52"}
{"message":"Message sent","level":"info","timestamp":"2019-07-11 22:27:52"}
{"message":true,"level":"info","timestamp":"2019-07-11 22:27:52"}
{"message":"Running DEVELOPMENT_LOCAL","level":"info","timestamp":"2019-07-14 11:46:21"}
{"message":"Server on port 3002","level":"info","timestamp":"2019-07-14 11:46:21"}
{"message":"RabbitMQ: Successfully connected","level":"info","timestamp":"2019-07-14 11:46:21"}
{"message":"Message sent","level":"info","timestamp":"2019-07-14 11:46:22"}
{"message":true,"level":"info","timestamp":"2019-07-14 11:46:22"}
{"message":"RabbitMQ: Sent request for vendors","level":"info","timestamp":"2019-07-14 11:46:22"}
{"message":"Running DEVELOPMENT_LOCAL","level":"info","timestamp":"2019-07-14 11:46:57"}
{"message":"Server on port 3002","level":"info","timestamp":"2019-07-14 11:46:57"}
{"message":"RabbitMQ: Successfully connected","level":"info","timestamp":"2019-07-14 11:46:57"}
{"message":"RabbitMQ: Message sent","level":"info","timestamp":"2019-07-14 11:46:57"}
{"message":true,"level":"info","timestamp":"2019-07-14 11:46:57"}
{"message":"RabbitMQ: Sent request for vendors","level":"info","timestamp":"2019-07-14 11:46:57"}
{"message":"Running DEVELOPMENT_LOCAL","level":"info","timestamp":"2019-07-14 11:47:04"}
{"message":"Server on port 3002","level":"info","timestamp":"2019-07-14 11:47:04"}
{"message":"RabbitMQ: Successfully connected","level":"info","timestamp":"2019-07-14 11:47:04"}
{"message":"RabbitMQ: Message sent","level":"info","timestamp":"2019-07-14 11:47:04"}
{"message":true,"level":"info","timestamp":"2019-07-14 11:47:04"}
{"message":"RabbitMQ: Sent request for vendors","level":"info","timestamp":"2019-07-14 11:47:04"}
{"message":"Running DEVELOPMENT_LOCAL","level":"info","timestamp":"2019-07-14 11:47:48"}
{"message":"Server on port 3002","level":"info","timestamp":"2019-07-14 11:47:48"}
{"message":"RabbitMQ: Successfully connected","level":"info","timestamp":"2019-07-14 11:47:49"}
{"message":"RabbitMQ: Message sent","level":"info","timestamp":"2019-07-14 11:47:49"}
{"message":true,"level":"info","timestamp":"2019-07-14 11:47:49"}
{"message":"RabbitMQ: Sent request for vendors","level":"info","timestamp":"2019-07-14 11:47:49"}
{"message":"Running DEVELOPMENT_LOCAL","level":"info","timestamp":"2019-07-14 11:48:11"}
{"message":"Server on port 3002","level":"info","timestamp":"2019-07-14 11:48:11"}
{"message":"RabbitMQ: Successfully connected","level":"info","timestamp":"2019-07-14 11:48:12"}
{"message":"RabbitMQ: Message sent","level":"info","timestamp":"2019-07-14 11:48:12"}
{"message":true,"level":"info","timestamp":"2019-07-14 11:48:12"}
{"message":"RabbitMQ: Sent request for vendors","level":"info","timestamp":"2019-07-14 11:48:12"}
{"message":"Running DEVELOPMENT_LOCAL","level":"info","timestamp":"2019-07-14 11:50:12"}
{"message":"Server on port 3002","level":"info","timestamp":"2019-07-14 11:50:12"}
{"message":"RabbitMQ: Successfully connected","level":"info","timestamp":"2019-07-14 11:50:12"}
{"message":"RabbitMQ: Message sent","level":"info","timestamp":"2019-07-14 11:50:12"}
{"message":true,"level":"info","timestamp":"2019-07-14 11:50:12"}
{"message":"RabbitMQ: Sent request for vendors","level":"info","timestamp":"2019-07-14 11:50:12"}
{"message":"Running DEVELOPMENT_LOCAL","level":"info","timestamp":"2019-07-14 11:50:32"}
{"message":"Server on port 3002","level":"info","timestamp":"2019-07-14 11:50:32"}
{"message":"RabbitMQ: Successfully connected","level":"info","timestamp":"2019-07-14 11:50:32"}
{"message":"RabbitMQ: Message sent","level":"info","timestamp":"2019-07-14 11:50:32"}
{"message":true,"level":"info","timestamp":"2019-07-14 11:50:32"}
{"message":"RabbitMQ: Sent request for vendors","level":"info","timestamp":"2019-07-14 11:50:32"}
{"message":"Running DEVELOPMENT_LOCAL","level":"info","timestamp":"2019-07-14 11:50:43"}
{"message":"Server on port 3002","level":"info","timestamp":"2019-07-14 11:50:43"}
{"message":"RabbitMQ: Successfully connected","level":"info","timestamp":"2019-07-14 11:50:43"}
{"message":"RabbitMQ: Message sent","level":"info","timestamp":"2019-07-14 11:50:43"}
{"message":true,"level":"info","timestamp":"2019-07-14 11:50:43"}
{"message":"RabbitMQ: Sent request for vendors","level":"info","timestamp":"2019-07-14 11:50:43"}
{"message":"Twitter: Connection failed trying again`","level":"error","timestamp":"2019-07-14 11:50:44"}
{"level":"error","timestamp":"2019-07-14 11:50:44"}
{"message":"attempts: 1","level":"error","timestamp":"2019-07-14 11:50:47"}
{"message":"Twitter: Connection failed trying again`","level":"error","timestamp":"2019-07-14 11:50:48"}
{"level":"error","timestamp":"2019-07-14 11:50:48"}
{"message":"attempts: 2","level":"error","timestamp":"2019-07-14 11:50:54"}
{"message":"Twitter: Connection failed trying again`","level":"error","timestamp":"2019-07-14 11:50:54"}
{"message":"Running DEVELOPMENT_LOCAL","level":"info","timestamp":"2019-07-14 12:07:05"}
{"message":"Server on port 3002","level":"info","timestamp":"2019-07-14 12:07:05"}
{"message":"RabbitMQ: Successfully connected","level":"info","timestamp":"2019-07-14 12:07:05"}
{"message":"RabbitMQ: Message sent","level":"info","timestamp":"2019-07-14 12:07:05"}
{"message":true,"level":"info","timestamp":"2019-07-14 12:07:05"}
{"message":"RabbitMQ: Sent request for vendors","level":"info","timestamp":"2019-07-14 12:07:05"}
{"message":"Received VendorIDs, length: 8","level":"info","timestamp":"2019-07-14 12:07:05"}
{"message":"Received VendorIDs, length: 8","level":"info","timestamp":"2019-07-14 12:07:06"}
{"message":"Received VendorIDs, length: 8","level":"info","timestamp":"2019-07-14 12:07:06"}
{"message":"Received VendorIDs, length: 8","level":"info","timestamp":"2019-07-14 12:07:06"}
{"message":"Received VendorIDs, length: 8","level":"info","timestamp":"2019-07-14 12:07:06"}
{"message":"Received VendorIDs, length: 8","level":"info","timestamp":"2019-07-14 12:07:06"}
{"message":"Received VendorIDs, length: 8","level":"info","timestamp":"2019-07-14 12:07:06"}
{"message":"Received VendorIDs, length: 8","level":"info","timestamp":"2019-07-14 12:07:06"}
{"message":"Received VendorIDs, length: 8","level":"info","timestamp":"2019-07-14 12:07:06"}
{"level":"error","timestamp":"2019-07-14 12:07:06"}
{"message":"Running DEVELOPMENT_LOCAL","level":"info","timestamp":"2019-07-14 12:07:47"}
{"message":"Server on port 3002","level":"info","timestamp":"2019-07-14 12:07:47"}
{"message":"RabbitMQ: Successfully connected","level":"info","timestamp":"2019-07-14 12:07:47"}
{"message":"RabbitMQ: Message sent","level":"info","timestamp":"2019-07-14 12:07:47"}
{"message":true,"level":"info","timestamp":"2019-07-14 12:07:47"}
{"message":"RabbitMQ: Sent request for vendors","level":"info","timestamp":"2019-07-14 12:07:47"}
{"message":"Received VendorIDs, length: 8","level":"info","timestamp":"2019-07-14 12:07:47"}
{"message":"Twitter: Connection failed trying again`","level":"error","timestamp":"2019-07-14 12:07:47"}
{"level":"error","timestamp":"2019-07-14 12:07:47"}
{"message":"attempts: 1","level":"error","timestamp":"2019-07-14 12:07:50"}
{"message":"Twitter: Connection failed trying again`","level":"error","timestamp":"2019-07-14 12:07:50"}
{"level":"error","timestamp":"2019-07-14 12:07:50"}
{"message":"attempts: 2","level":"error","timestamp":"2019-07-14 12:07:56"}
{"message":"Twitter: Connection failed trying again`","level":"error","timestamp":"2019-07-14 12:07:56"}
{"level":"error","timestamp":"2019-07-14 12:07:56"}
{"message":"attempts: 3","level":"error","timestamp":"2019-07-14 12:08:08"}
{"message":"Running DEVELOPMENT_LOCAL","level":"info","timestamp":"2019-07-14 12:15:52"}
{"message":"Server on port 3002","level":"info","timestamp":"2019-07-14 12:15:52"}
{"message":"RabbitMQ: Successfully connected","level":"info","timestamp":"2019-07-14 12:15:52"}
{"message":"RabbitMQ: Message sent","level":"info","timestamp":"2019-07-14 12:15:52"}
{"message":true,"level":"info","timestamp":"2019-07-14 12:15:52"}
{"message":"RabbitMQ: Sent request for vendors","level":"info","timestamp":"2019-07-14 12:15:52"}
{"message":"Received VendorIDs, length: 8","level":"info","timestamp":"2019-07-14 12:15:52"}
{"message":"Twitter: Connection failed trying again`","level":"error","timestamp":"2019-07-14 12:15:52"}
{"level":"error","timestamp":"2019-07-14 12:15:52"}
{"message":"attempts: 1","level":"error","timestamp":"2019-07-14 12:15:55"}
{"message":"Twitter: Connection failed trying again`","level":"error","timestamp":"2019-07-14 12:15:55"}
{"message":"Running DEVELOPMENT_LOCAL","level":"info","timestamp":"2019-07-14 12:18:03"}
{"message":"Server on port 3002","level":"info","timestamp":"2019-07-14 12:18:03"}
{"message":"RabbitMQ: Successfully connected","level":"info","timestamp":"2019-07-14 12:18:03"}
{"message":"RabbitMQ: Message sent","level":"info","timestamp":"2019-07-14 12:18:03"}
{"message":true,"level":"info","timestamp":"2019-07-14 12:18:03"}
{"message":"RabbitMQ: Sent request for vendors","level":"info","timestamp":"2019-07-14 12:18:03"}
{"message":"Received VendorIDs, length: 8","level":"info","timestamp":"2019-07-14 12:18:03"}
{"message":"Twitter: Connection failed trying again`","level":"error","timestamp":"2019-07-14 12:18:03"}
{"level":"error","timestamp":"2019-07-14 12:18:03"}
{"message":"attempts: 1","level":"error","timestamp":"2019-07-14 12:18:06"}
{"message":"Twitter: Connection failed trying again`","level":"error","timestamp":"2019-07-14 12:18:06"}
{"level":"error","timestamp":"2019-07-14 12:18:06"}
{"message":"attempts: 2","level":"error","timestamp":"2019-07-14 12:18:12"}
{"message":"Twitter: Connection failed trying again`","level":"error","timestamp":"2019-07-14 12:18:12"}
{"message":"Running DEVELOPMENT_LOCAL","level":"info","timestamp":"2019-07-14 12:18:41"}
{"message":"Server on port 3002","level":"info","timestamp":"2019-07-14 12:18:41"}
{"message":"RabbitMQ: Successfully connected","level":"info","timestamp":"2019-07-14 12:18:41"}
{"message":"RabbitMQ: Message sent","level":"info","timestamp":"2019-07-14 12:18:41"}
{"message":true,"level":"info","timestamp":"2019-07-14 12:18:41"}
{"message":"RabbitMQ: Sent request for vendors","level":"info","timestamp":"2019-07-14 12:18:41"}
{"message":"Received VendorIDs, length: 8","level":"info","timestamp":"2019-07-14 12:18:41"}
{"message":"Running DEVELOPMENT_LOCAL","level":"info","timestamp":"2019-07-14 12:18:53"}
{"message":"Server on port 3002","level":"info","timestamp":"2019-07-14 12:18:53"}
{"message":"RabbitMQ: Successfully connected","level":"info","timestamp":"2019-07-14 12:18:53"}
{"message":"RabbitMQ: Message sent","level":"info","timestamp":"2019-07-14 12:18:53"}
{"message":true,"level":"info","timestamp":"2019-07-14 12:18:53"}
{"message":"RabbitMQ: Sent request for vendors","level":"info","timestamp":"2019-07-14 12:18:53"}
{"message":"Received VendorIDs, length: 8","level":"info","timestamp":"2019-07-14 12:18:53"}
{"message":"Running DEVELOPMENT_LOCAL","level":"info","timestamp":"2019-07-14 12:19:01"}
{"message":"Server on port 3002","level":"info","timestamp":"2019-07-14 12:19:01"}
{"message":"RabbitMQ: Successfully connected","level":"info","timestamp":"2019-07-14 12:19:01"}
{"message":"RabbitMQ: Message sent","level":"info","timestamp":"2019-07-14 12:19:01"}
{"message":true,"level":"info","timestamp":"2019-07-14 12:19:01"}
{"message":"RabbitMQ: Sent request for vendors","level":"info","timestamp":"2019-07-14 12:19:01"}
{"message":"Received VendorIDs, length: 8","level":"info","timestamp":"2019-07-14 12:19:01"}
{"message":"Running DEVELOPMENT_LOCAL","level":"info","timestamp":"2019-07-14 12:19:53"}
{"message":"Server on port 3002","level":"info","timestamp":"2019-07-14 12:19:53"}
{"message":"RabbitMQ: Connection failed trying again","level":"info","timestamp":"2019-07-14 12:20:03"}
{"message":"attempts: 1","level":"info","timestamp":"2019-07-14 12:20:05"}
{"message":"RabbitMQ: Successfully connected","level":"info","timestamp":"2019-07-14 12:20:05"}
{"message":"RabbitMQ: Message sent","level":"info","timestamp":"2019-07-14 12:20:05"}
{"message":true,"level":"info","timestamp":"2019-07-14 12:20:05"}
{"message":"RabbitMQ: Sent request for vendors","level":"info","timestamp":"2019-07-14 12:20:05"}
{"message":"Received VendorIDs, length: 8","level":"info","timestamp":"2019-07-14 12:20:05"}
{"message":"Running DEVELOPMENT_LOCAL","level":"info","timestamp":"2019-07-14 12:20:21"}
{"message":"Server on port 3002","level":"info","timestamp":"2019-07-14 12:20:21"}
{"message":"RabbitMQ: Successfully connected","level":"info","timestamp":"2019-07-14 12:20:23"}
{"message":"RabbitMQ: Message sent","level":"info","timestamp":"2019-07-14 12:20:23"}
{"message":true,"level":"info","timestamp":"2019-07-14 12:20:23"}
{"message":"RabbitMQ: Sent request for vendors","level":"info","timestamp":"2019-07-14 12:20:23"}
{"message":"Received VendorIDs, length: 8","level":"info","timestamp":"2019-07-14 12:20:23"}
{"message":"Running DEVELOPMENT_LOCAL","level":"info","timestamp":"2019-07-14 12:20:47"}
{"message":"Server on port 3002","level":"info","timestamp":"2019-07-14 12:20:47"}
{"message":"RabbitMQ: Successfully connected","level":"info","timestamp":"2019-07-14 12:20:47"}
{"message":"RabbitMQ: Message sent","level":"info","timestamp":"2019-07-14 12:20:47"}
{"message":true,"level":"info","timestamp":"2019-07-14 12:20:47"}
{"message":"RabbitMQ: Sent request for vendors","level":"info","timestamp":"2019-07-14 12:20:47"}
{"message":"Received VendorIDs, length: 8","level":"info","timestamp":"2019-07-14 12:20:47"}
{"message":"Running DEVELOPMENT_LOCAL","level":"info","timestamp":"2019-07-14 12:21:35"}
{"message":"Server on port 3002","level":"info","timestamp":"2019-07-14 12:21:35"}
{"message":"RabbitMQ: Successfully connected","level":"info","timestamp":"2019-07-14 12:21:35"}
{"message":"RabbitMQ: Message sent","level":"info","timestamp":"2019-07-14 12:21:35"}
{"message":true,"level":"info","timestamp":"2019-07-14 12:21:35"}
{"message":"RabbitMQ: Sent request for vendors","level":"info","timestamp":"2019-07-14 12:21:35"}
{"message":"Received VendorIDs, length: 8","level":"info","timestamp":"2019-07-14 12:21:35"}
{"message":"Running DEVELOPMENT_LOCAL","level":"info","timestamp":"2019-07-14 13:04:37"}
{"message":"Server on port 3002","level":"info","timestamp":"2019-07-14 13:04:37"}
{"message":"RabbitMQ: Successfully connected","level":"info","timestamp":"2019-07-14 13:04:37"}
{"message":"RabbitMQ: Message sent","level":"info","timestamp":"2019-07-14 13:04:37"}
{"message":true,"level":"info","timestamp":"2019-07-14 13:04:37"}
{"message":"RabbitMQ: Sent request for vendors","level":"info","timestamp":"2019-07-14 13:04:37"}
{"message":"Received VendorIDs, length: 8","level":"info","timestamp":"2019-07-14 13:04:37"}
{"message":"Running DEVELOPMENT_LOCAL","level":"info","timestamp":"2019-07-14 13:04:54"}
{"message":"Server on port 3002","level":"info","timestamp":"2019-07-14 13:04:54"}
{"message":"RabbitMQ: Successfully connected","level":"info","timestamp":"2019-07-14 13:04:54"}
{"message":"RabbitMQ: Message sent","level":"info","timestamp":"2019-07-14 13:04:54"}
{"message":true,"level":"info","timestamp":"2019-07-14 13:04:54"}
{"message":"RabbitMQ: Sent request for vendors","level":"info","timestamp":"2019-07-14 13:04:54"}
{"message":"Received VendorIDs, length: 8","level":"info","timestamp":"2019-07-14 13:04:54"}
{"message":"Running DEVELOPMENT_LOCAL","level":"info","timestamp":"2019-07-14 13:05:04"}
{"message":"Server on port 3002","level":"info","timestamp":"2019-07-14 13:05:04"}
{"message":"RabbitMQ: Successfully connected","level":"info","timestamp":"2019-07-14 13:05:04"}
{"message":"RabbitMQ: Message sent","level":"info","timestamp":"2019-07-14 13:05:04"}
{"message":true,"level":"info","timestamp":"2019-07-14 13:05:04"}
{"message":"RabbitMQ: Sent request for vendors","level":"info","timestamp":"2019-07-14 13:05:04"}
{"message":"Received VendorIDs, length: 8","level":"info","timestamp":"2019-07-14 13:05:04"}
{"message":"Running DEVELOPMENT_LOCAL","level":"info","timestamp":"2019-07-14 13:05:15"}
{"message":"Server on port 3002","level":"info","timestamp":"2019-07-14 13:05:15"}
{"message":"RabbitMQ: Successfully connected","level":"info","timestamp":"2019-07-14 13:05:15"}
{"message":"RabbitMQ: Message sent","level":"info","timestamp":"2019-07-14 13:05:15"}
{"message":true,"level":"info","timestamp":"2019-07-14 13:05:15"}
{"message":"RabbitMQ: Sent request for vendors","level":"info","timestamp":"2019-07-14 13:05:15"}
{"message":"Received VendorIDs, length: 8","level":"info","timestamp":"2019-07-14 13:05:15"}
{"message":"Running DEVELOPMENT_LOCAL","level":"info","timestamp":"2019-07-14 13:05:38"}
{"message":"Server on port 3002","level":"info","timestamp":"2019-07-14 13:05:38"}
{"message":"RabbitMQ: Successfully connected","level":"info","timestamp":"2019-07-14 13:05:38"}
{"message":"RabbitMQ: Message sent","level":"info","timestamp":"2019-07-14 13:05:38"}
{"message":true,"level":"info","timestamp":"2019-07-14 13:05:38"}
{"message":"RabbitMQ: Sent request for vendors","level":"info","timestamp":"2019-07-14 13:05:38"}
{"message":"Received VendorIDs, length: 8","level":"info","timestamp":"2019-07-14 13:05:38"}
{"message":"Running DEVELOPMENT_LOCAL","level":"info","timestamp":"2019-07-14 13:05:51"}
{"message":"Server on port 3002","level":"info","timestamp":"2019-07-14 13:05:51"}
{"message":"RabbitMQ: Successfully connected","level":"info","timestamp":"2019-07-14 13:05:51"}
{"message":"RabbitMQ: Message sent","level":"info","timestamp":"2019-07-14 13:05:51"}
{"message":true,"level":"info","timestamp":"2019-07-14 13:05:51"}
{"message":"RabbitMQ: Sent request for vendors","level":"info","timestamp":"2019-07-14 13:05:51"}
{"message":"Received VendorIDs, length: 8","level":"info","timestamp":"2019-07-14 13:05:51"}
{"message":"Running DEVELOPMENT_LOCAL","level":"info","timestamp":"2019-07-14 13:06:13"}
{"message":"Server on port 3002","level":"info","timestamp":"2019-07-14 13:06:13"}
{"message":"RabbitMQ: Successfully connected","level":"info","timestamp":"2019-07-14 13:06:13"}
{"message":"RabbitMQ: Message sent","level":"info","timestamp":"2019-07-14 13:06:13"}
{"message":true,"level":"info","timestamp":"2019-07-14 13:06:13"}
{"message":"RabbitMQ: Sent request for vendors","level":"info","timestamp":"2019-07-14 13:06:13"}
{"message":"Received VendorIDs, length: 8","level":"info","timestamp":"2019-07-14 13:06:13"}
{"message":"Running DEVELOPMENT_LOCAL","level":"info","timestamp":"2019-07-14 13:06:35"}
{"message":"Server on port 3002","level":"info","timestamp":"2019-07-14 13:06:35"}
{"message":"RabbitMQ: Successfully connected","level":"info","timestamp":"2019-07-14 13:06:35"}
{"message":"RabbitMQ: Message sent","level":"info","timestamp":"2019-07-14 13:06:35"}
{"message":true,"level":"info","timestamp":"2019-07-14 13:06:35"}
{"message":"RabbitMQ: Sent request for vendors","level":"info","timestamp":"2019-07-14 13:06:35"}
{"message":"Received VendorIDs, length: 8","level":"info","timestamp":"2019-07-14 13:06:35"}
{"message":"Running DEVELOPMENT_LOCAL","level":"info","timestamp":"2019-07-14 13:06:49"}
{"message":"Server on port 3002","level":"info","timestamp":"2019-07-14 13:06:49"}
{"message":"RabbitMQ: Successfully connected","level":"info","timestamp":"2019-07-14 13:06:49"}
{"message":"RabbitMQ: Message sent","level":"info","timestamp":"2019-07-14 13:06:49"}
{"message":true,"level":"info","timestamp":"2019-07-14 13:06:49"}
{"message":"RabbitMQ: Sent request for vendors","level":"info","timestamp":"2019-07-14 13:06:49"}
{"message":"Received VendorIDs, length: 8","level":"info","timestamp":"2019-07-14 13:06:49"}
{"message":"Running DEVELOPMENT_LOCAL","level":"info","timestamp":"2019-07-14 13:07:02"}
{"message":"Server on port 3002","level":"info","timestamp":"2019-07-14 13:07:02"}
{"message":"RabbitMQ: Successfully connected","level":"info","timestamp":"2019-07-14 13:07:02"}
{"message":"RabbitMQ: Message sent","level":"info","timestamp":"2019-07-14 13:07:02"}
{"message":true,"level":"info","timestamp":"2019-07-14 13:07:02"}
{"message":"RabbitMQ: Sent request for vendors","level":"info","timestamp":"2019-07-14 13:07:02"}
{"message":"Received VendorIDs, length: 8","level":"info","timestamp":"2019-07-14 13:07:02"}
{"message":"Running DEVELOPMENT_LOCAL","level":"info","timestamp":"2019-07-14 13:07:20"}
{"message":"Server on port 3002","level":"info","timestamp":"2019-07-14 13:07:20"}
{"message":"RabbitMQ: Successfully connected","level":"info","timestamp":"2019-07-14 13:07:20"}
{"message":"RabbitMQ: Message sent","level":"info","timestamp":"2019-07-14 13:07:20"}
{"message":true,"level":"info","timestamp":"2019-07-14 13:07:20"}
{"message":"RabbitMQ: Sent request for vendors","level":"info","timestamp":"2019-07-14 13:07:20"}
{"message":"Received VendorIDs, length: 8","level":"info","timestamp":"2019-07-14 13:07:20"}
{"message":"Running DEVELOPMENT_LOCAL","level":"info","timestamp":"2019-07-14 13:07:24"}
{"message":"Server on port 3002","level":"info","timestamp":"2019-07-14 13:07:24"}
{"message":"RabbitMQ: Successfully connected","level":"info","timestamp":"2019-07-14 13:07:24"}
{"message":"RabbitMQ: Message sent","level":"info","timestamp":"2019-07-14 13:07:24"}
{"message":true,"level":"info","timestamp":"2019-07-14 13:07:24"}
{"message":"RabbitMQ: Sent request for vendors","level":"info","timestamp":"2019-07-14 13:07:24"}
{"message":"Received VendorIDs, length: 8","level":"info","timestamp":"2019-07-14 13:07:24"}
{"message":"Running DEVELOPMENT_LOCAL","level":"info","timestamp":"2019-07-14 13:07:32"}
{"message":"Server on port 3002","level":"info","timestamp":"2019-07-14 13:07:32"}
{"message":"RabbitMQ: Successfully connected","level":"info","timestamp":"2019-07-14 13:07:32"}
{"message":"RabbitMQ: Message sent","level":"info","timestamp":"2019-07-14 13:07:32"}
{"message":true,"level":"info","timestamp":"2019-07-14 13:07:32"}
{"message":"RabbitMQ: Sent request for vendors","level":"info","timestamp":"2019-07-14 13:07:32"}
{"message":"Received VendorIDs, length: 8","level":"info","timestamp":"2019-07-14 13:07:32"}
{"message":"Running DEVELOPMENT_LOCAL","level":"info","timestamp":"2019-07-14 13:07:40"}
{"message":"Server on port 3002","level":"info","timestamp":"2019-07-14 13:07:40"}
{"message":"RabbitMQ: Successfully connected","level":"info","timestamp":"2019-07-14 13:07:40"}
{"message":"RabbitMQ: Message sent","level":"info","timestamp":"2019-07-14 13:07:40"}
{"message":true,"level":"info","timestamp":"2019-07-14 13:07:40"}
{"message":"RabbitMQ: Sent request for vendors","level":"info","timestamp":"2019-07-14 13:07:40"}
{"message":"Received VendorIDs, length: 8","level":"info","timestamp":"2019-07-14 13:07:40"}
{"message":"Running DEVELOPMENT_LOCAL","level":"info","timestamp":"2019-07-14 13:07:51"}
{"message":"Server on port 3002","level":"info","timestamp":"2019-07-14 13:07:51"}
{"message":"RabbitMQ: Successfully connected","level":"info","timestamp":"2019-07-14 13:07:51"}
{"message":"RabbitMQ: Message sent","level":"info","timestamp":"2019-07-14 13:07:51"}
{"message":true,"level":"info","timestamp":"2019-07-14 13:07:51"}
{"message":"RabbitMQ: Sent request for vendors","level":"info","timestamp":"2019-07-14 13:07:51"}
{"message":"Received VendorIDs, length: 8","level":"info","timestamp":"2019-07-14 13:07:51"}
{"message":"Running DEVELOPMENT_LOCAL","level":"info","timestamp":"2019-07-14 13:08:07"}
{"message":"Server on port 3002","level":"info","timestamp":"2019-07-14 13:08:07"}
{"message":"RabbitMQ: Successfully connected","level":"info","timestamp":"2019-07-14 13:08:07"}
{"message":"RabbitMQ: Message sent","level":"info","timestamp":"2019-07-14 13:08:07"}
{"message":true,"level":"info","timestamp":"2019-07-14 13:08:07"}
{"message":"RabbitMQ: Sent request for vendors","level":"info","timestamp":"2019-07-14 13:08:07"}
{"message":"Received VendorIDs, length: 8","level":"info","timestamp":"2019-07-14 13:08:07"}
{"message":"Running DEVELOPMENT_LOCAL","level":"info","timestamp":"2019-07-14 13:08:17"}
{"message":"Server on port 3002","level":"info","timestamp":"2019-07-14 13:08:17"}
{"message":"RabbitMQ: Successfully connected","level":"info","timestamp":"2019-07-14 13:08:17"}
{"message":"RabbitMQ: Message sent","level":"info","timestamp":"2019-07-14 13:08:17"}
{"message":true,"level":"info","timestamp":"2019-07-14 13:08:17"}
{"message":"RabbitMQ: Sent request for vendors","level":"info","timestamp":"2019-07-14 13:08:17"}
{"message":"Received VendorIDs, length: 8","level":"info","timestamp":"2019-07-14 13:08:17"}
{"message":"Running DEVELOPMENT_LOCAL","level":"info","timestamp":"2019-07-14 13:08:26"}
{"message":"Server on port 3002","level":"info","timestamp":"2019-07-14 13:08:26"}
{"message":"RabbitMQ: Successfully connected","level":"info","timestamp":"2019-07-14 13:08:26"}
{"message":"RabbitMQ: Message sent","level":"info","timestamp":"2019-07-14 13:08:26"}
{"message":true,"level":"info","timestamp":"2019-07-14 13:08:26"}
{"message":"RabbitMQ: Sent request for vendors","level":"info","timestamp":"2019-07-14 13:08:26"}
{"message":"Received VendorIDs, length: 8","level":"info","timestamp":"2019-07-14 13:08:26"}
{"message":"Running DEVELOPMENT_LOCAL","level":"info","timestamp":"2019-07-14 13:08:31"}
{"message":"Server on port 3002","level":"info","timestamp":"2019-07-14 13:08:31"}
{"message":"RabbitMQ: Successfully connected","level":"info","timestamp":"2019-07-14 13:08:31"}
{"message":"RabbitMQ: Message sent","level":"info","timestamp":"2019-07-14 13:08:31"}
{"message":true,"level":"info","timestamp":"2019-07-14 13:08:31"}
{"message":"RabbitMQ: Sent request for vendors","level":"info","timestamp":"2019-07-14 13:08:31"}
{"message":"Received VendorIDs, length: 8","level":"info","timestamp":"2019-07-14 13:08:31"}
{"message":"Running DEVELOPMENT_LOCAL","level":"info","timestamp":"2019-07-14 13:08:57"}
{"message":"Server on port 3002","level":"info","timestamp":"2019-07-14 13:08:57"}
{"message":"RabbitMQ: Successfully connected","level":"info","timestamp":"2019-07-14 13:08:57"}
{"message":"RabbitMQ: Message sent","level":"info","timestamp":"2019-07-14 13:08:57"}
{"message":true,"level":"info","timestamp":"2019-07-14 13:08:57"}
{"message":"RabbitMQ: Sent request for vendors","level":"info","timestamp":"2019-07-14 13:08:57"}
{"message":"Received VendorIDs, length: 8","level":"info","timestamp":"2019-07-14 13:08:57"}
{"message":"Running DEVELOPMENT_LOCAL","level":"info","timestamp":"2019-07-14 13:09:06"}
{"message":"Server on port 3002","level":"info","timestamp":"2019-07-14 13:09:06"}
{"message":"RabbitMQ: Successfully connected","level":"info","timestamp":"2019-07-14 13:09:06"}
{"message":"RabbitMQ: Message sent","level":"info","timestamp":"2019-07-14 13:09:06"}
{"message":true,"level":"info","timestamp":"2019-07-14 13:09:06"}
{"message":"RabbitMQ: Sent request for vendors","level":"info","timestamp":"2019-07-14 13:09:06"}
{"message":"Received VendorIDs, length: 8","level":"info","timestamp":"2019-07-14 13:09:06"}
{"message":"Running DEVELOPMENT_LOCAL","level":"info","timestamp":"2019-07-14 13:09:11"}
{"message":"Server on port 3002","level":"info","timestamp":"2019-07-14 13:09:11"}
{"message":"RabbitMQ: Successfully connected","level":"info","timestamp":"2019-07-14 13:09:11"}
{"message":"RabbitMQ: Message sent","level":"info","timestamp":"2019-07-14 13:09:11"}
{"message":true,"level":"info","timestamp":"2019-07-14 13:09:11"}
{"message":"RabbitMQ: Sent request for vendors","level":"info","timestamp":"2019-07-14 13:09:11"}
{"message":"Received VendorIDs, length: 8","level":"info","timestamp":"2019-07-14 13:09:11"}
{"message":"Running DEVELOPMENT_LOCAL","level":"info","timestamp":"2019-07-14 13:09:42"}
{"message":"Server on port 3002","level":"info","timestamp":"2019-07-14 13:09:42"}
{"message":"RabbitMQ: Successfully connected","level":"info","timestamp":"2019-07-14 13:09:42"}
{"message":"RabbitMQ: Message sent","level":"info","timestamp":"2019-07-14 13:09:42"}
{"message":true,"level":"info","timestamp":"2019-07-14 13:09:42"}
{"message":"RabbitMQ: Sent request for vendors","level":"info","timestamp":"2019-07-14 13:09:42"}
{"message":"Received VendorIDs, length: 8","level":"info","timestamp":"2019-07-14 13:09:42"}
{"message":"Running DEVELOPMENT_LOCAL","level":"info","timestamp":"2019-07-14 13:09:45"}
{"message":"Server on port 3002","level":"info","timestamp":"2019-07-14 13:09:45"}
{"message":"RabbitMQ: Successfully connected","level":"info","timestamp":"2019-07-14 13:09:45"}
{"message":"RabbitMQ: Message sent","level":"info","timestamp":"2019-07-14 13:09:45"}
{"message":true,"level":"info","timestamp":"2019-07-14 13:09:45"}
{"message":"RabbitMQ: Sent request for vendors","level":"info","timestamp":"2019-07-14 13:09:45"}
{"message":"Received VendorIDs, length: 8","level":"info","timestamp":"2019-07-14 13:09:45"}
{"message":"Running DEVELOPMENT_LOCAL","level":"info","timestamp":"2019-10-15 20:32:41"}
{"message":"Server on port 3002","level":"info","timestamp":"2019-10-15 20:32:41"}
{"message":"RabbitMQ: Successfully connected","level":"info","timestamp":"2019-10-15 20:32:41"}
{"message":"RabbitMQ: Message sent","level":"info","timestamp":"2019-10-15 20:32:41"}
{"message":true,"level":"info","timestamp":"2019-10-15 20:32:41"}
{"message":"RabbitMQ: Sent request for vendors","level":"info","timestamp":"2019-10-15 20:32:41"}
{"message":"Running DEVELOPMENT_LOCAL","level":"info","timestamp":"2019-10-15 20:33:41"}
{"message":"Server on port 3002","level":"info","timestamp":"2019-10-15 20:33:41"}
{"message":"RabbitMQ: Successfully connected","level":"info","timestamp":"2019-10-15 20:33:41"}
{"message":"RabbitMQ: Message sent","level":"info","timestamp":"2019-10-15 20:33:41"}
{"message":true,"level":"info","timestamp":"2019-10-15 20:33:41"}
{"message":"RabbitMQ: Sent request for vendors","level":"info","timestamp":"2019-10-15 20:33:41"}
